<?xml version="1.0" encoding="UTF-8"?>
<!-- Generated by org.testng.reporters.JUnitReportReporter -->
<testsuite hostname="DESKTOP-0MSDR45" failures="0" tests="1" name="com.Testng.phase5.Registration_Form_Automation.RegistrationForm" time="72.044" errors="0" timestamp="2022-03-09T14:45:59 IST" skipped="0">
  <testcase classname="com.Testng.phase5.Registration_Form_Automation.RegistrationForm" name="invokeBrowser" time="72.044"/>
  <system-out/>
</testsuite> <!-- com.Testng.phase5.Registration_Form_Automation.RegistrationForm -->
