<?xml version="1.0" encoding="UTF-8"?>
<!-- Generated by org.testng.reporters.JUnitReportReporter -->
<testsuite hostname="DESKTOP-0MSDR45" failures="0" tests="1" name="com.selenium.phase5.LoginPage" time="15.020" errors="0" timestamp="2022-03-08T20:22:52 IST" skipped="0">
  <testcase classname="com.selenium.phase5.LoginPage" name="login" time="15.020"/>
  <system-out/>
</testsuite> <!-- com.selenium.phase5.LoginPage -->
